/*C13*/SET SCHEMA PUBLIC
CONNECT USER SA
INSERT INTO AUDITEURS VALUES(139,'DD','bill','bill.gates@cnam.fr')
INSERT INTO AUDITEURS VALUES(140,'EE','james','james.ellroy@cnam.fr')
/*C14*/SET SCHEMA PUBLIC
CONNECT USER SA
INSERT INTO AUDITEURS VALUES(141,'nom_0','prenom_0','nom_0@cnam.fr')
INSERT INTO AUDITEURS VALUES(142,'nom_1','prenom_1','nom_1@cnam.fr')
INSERT INTO AUDITEURS VALUES(143,'nom_1','prenom_2','nom_2@cnam.fr')
INSERT INTO AUDITEURS VALUES(144,'nom_2','prenom_3','nom_3@cnam.fr')
DELETE FROM AUDITEURS WHERE ID=142
INSERT INTO AUDITEURS VALUES(145,'nom_1','prenom_1','nom_1@cnam.fr')
/*C15*/SET SCHEMA PUBLIC
CONNECT USER SA
INSERT INTO AUDITEURS VALUES(146,'nom_10','prenom_10','nom_10@cnam.fr')
INSERT INTO AUDITEURS VALUES(147,'nom_11','prenom_11','nom_11@cnam.fr')
INSERT INTO AUDITEURS VALUES(148,'nom_12','prenom_12','nom_12@cnam.fr')
INSERT INTO AUDITEURS VALUES(149,'nom_13','prenom_13','nom_13@cnam.fr')
INSERT INTO AUDITEURS VALUES(150,'nom_14','prenom_14','nom_14@cnam.fr')
INSERT INTO AUDITEURS VALUES(151,'nom_15','prenom_15','nom_15@cnam.fr')
INSERT INTO AUDITEURS VALUES(152,'nom_16','prenom_16','nom_16@cnam.fr')
INSERT INTO AUDITEURS VALUES(153,'nom_17','prenom_17','nom_17@cnam.fr')
INSERT INTO AUDITEURS VALUES(154,'nom_18','prenom_18','nom_18@cnam.fr')
INSERT INTO AUDITEURS VALUES(155,'nom_19','prenom_19','nom_19@cnam.fr')
DELETE FROM AUDITEURS WHERE ID=151
INSERT INTO AUDITEURS VALUES(151,'nom_15','prenom_15','auditeur_15@lecnam.net')
INSERT INTO AUDITEURS VALUES(156,'Fowler','martin','martin.fowler@cnam.fr')
INSERT INTO AUDITEURS VALUES(157,'Grand','mark','mark.grand@cnam.fr')
DELETE FROM AUDITEURS WHERE ID=156
/*C16*/SET SCHEMA PUBLIC
CONNECT USER SA
INSERT INTO AUDITEURS VALUES(158,'Gates','bill','bill.gates@cnam.fr')
INSERT INTO AUDITEURS VALUES(159,'Ellroy','james','james.ellroy@cnam.fr')
DELETE FROM AUDITEURS WHERE ID=158
DELETE FROM AUDITEURS WHERE ID=133
/*C17*/SET SCHEMA PUBLIC
CONNECT USER SA
INSERT INTO AUDITEURS VALUES(160,'nom_100','prenom_10','nom_10@cnam.fr')
INSERT INTO AUDITEURS VALUES(161,'nom_101','prenom_11','nom_11@cnam.fr')
INSERT INTO AUDITEURS VALUES(162,'nom_102','prenom_12','nom_12@cnam.fr')
INSERT INTO AUDITEURS VALUES(163,'nom_103','prenom_13','nom_13@cnam.fr')
INSERT INTO AUDITEURS VALUES(164,'nom_104','prenom_14','nom_14@cnam.fr')
INSERT INTO AUDITEURS VALUES(165,'nom_105','prenom_15','nom_15@cnam.fr')
INSERT INTO AUDITEURS VALUES(166,'nom_106','prenom_16','nom_16@cnam.fr')
INSERT INTO AUDITEURS VALUES(167,'nom_107','prenom_17','nom_17@cnam.fr')
INSERT INTO AUDITEURS VALUES(168,'nom_108','prenom_18','nom_18@cnam.fr')
INSERT INTO AUDITEURS VALUES(169,'nom_109','prenom_19','nom_19@cnam.fr')
INSERT INTO AUDITEURS VALUES(170,'nom_110','prenom_20','nom_20@cnam.fr')
INSERT INTO AUDITEURS VALUES(171,'nom_111','prenom_21','nom_21@cnam.fr')
INSERT INTO AUDITEURS VALUES(172,'nom_112','prenom_22','nom_22@cnam.fr')
INSERT INTO AUDITEURS VALUES(173,'nom_113','prenom_23','nom_23@cnam.fr')
INSERT INTO AUDITEURS VALUES(174,'nom_114','prenom_24','nom_24@cnam.fr')
INSERT INTO AUDITEURS VALUES(175,'nom_115','prenom_25','nom_25@cnam.fr')
INSERT INTO AUDITEURS VALUES(176,'nom_116','prenom_26','nom_26@cnam.fr')
INSERT INTO AUDITEURS VALUES(177,'nom_117','prenom_27','nom_27@cnam.fr')
INSERT INTO AUDITEURS VALUES(178,'nom_118','prenom_28','nom_28@cnam.fr')
INSERT INTO AUDITEURS VALUES(179,'nom_119','prenom_29','nom_29@cnam.fr')
DELETE FROM AUDITEURS WHERE ID=160
DELETE FROM AUDITEURS WHERE ID=161
DELETE FROM AUDITEURS WHERE ID=162
DELETE FROM AUDITEURS WHERE ID=163
DELETE FROM AUDITEURS WHERE ID=164
/*C18*/SET SCHEMA PUBLIC
CONNECT USER SA
INSERT INTO AUDITEURS VALUES(180,'auditeur_cnam_10','prenom_10','nom_10@cnam.fr')
INSERT INTO AUDITEURS VALUES(181,'auditeur_cnam_11','prenom_11','nom_11@cnam.fr')
INSERT INTO AUDITEURS VALUES(182,'auditeur_cnam_12','prenom_12','nom_12@cnam.fr')
INSERT INTO AUDITEURS VALUES(183,'auditeur_cnam_13','prenom_13','nom_13@cnam.fr')
INSERT INTO AUDITEURS VALUES(184,'auditeur_cnam_14','prenom_14','nom_14@cnam.fr')
INSERT INTO AUDITEURS VALUES(185,'auditeur_cnam_15','prenom_15','nom_15@cnam.fr')
INSERT INTO AUDITEURS VALUES(186,'auditeur_cnam_16','prenom_16','nom_16@cnam.fr')
INSERT INTO AUDITEURS VALUES(187,'auditeur_cnam_17','prenom_17','nom_17@cnam.fr')
INSERT INTO AUDITEURS VALUES(188,'auditeur_cnam_18','prenom_18','nom_18@cnam.fr')
INSERT INTO AUDITEURS VALUES(189,'auditeur_cnam_19','prenom_19','nom_19@cnam.fr')
/*C19*/SET SCHEMA PUBLIC
CONNECT USER SA
INSERT INTO AUDITEURS VALUES(190,'nom_0','prenom_0','nom_0@cnam.fr')
/*C20*/SET SCHEMA PUBLIC
CONNECT USER SA
INSERT INTO AUDITEURS VALUES(191,'auditeur_10','prenom_10','nom_10@cnam.fr')
INSERT INTO AUDITEURS VALUES(192,'auditeur_11','prenom_11','nom_11@cnam.fr')
INSERT INTO AUDITEURS VALUES(193,'auditeur_12','prenom_12','nom_12@cnam.fr')
INSERT INTO AUDITEURS VALUES(194,'auditeur_13','prenom_13','nom_13@cnam.fr')
INSERT INTO AUDITEURS VALUES(195,'auditeur_14','prenom_14','nom_14@cnam.fr')
INSERT INTO AUDITEURS VALUES(196,'auditeur_15','prenom_15','nom_15@cnam.fr')
INSERT INTO AUDITEURS VALUES(197,'auditeur_16','prenom_16','nom_16@cnam.fr')
INSERT INTO AUDITEURS VALUES(198,'auditeur_17','prenom_17','nom_17@cnam.fr')
INSERT INTO AUDITEURS VALUES(199,'auditeur_18','prenom_18','nom_18@cnam.fr')
INSERT INTO AUDITEURS VALUES(200,'auditeur_19','prenom_19','nom_19@cnam.fr')
DELETE FROM AUDITEURS WHERE ID=193
DELETE FROM AUDITEURS WHERE ID=192
DELETE FROM AUDITEURS WHERE ID=191
/*C21*/SET SCHEMA PUBLIC
CONNECT USER SA
DELETE FROM AUDITEURS WHERE ID=127
DELETE FROM AUDITEURS WHERE ID=129
DELETE FROM AUDITEURS WHERE ID=130
DELETE FROM AUDITEURS WHERE ID=134
DELETE FROM AUDITEURS WHERE ID=135
DELETE FROM AUDITEURS WHERE ID=136
DELETE FROM AUDITEURS WHERE ID=137
DELETE FROM AUDITEURS WHERE ID=138
DELETE FROM AUDITEURS WHERE ID=139
DELETE FROM AUDITEURS WHERE ID=140
DELETE FROM AUDITEURS WHERE ID=141
DELETE FROM AUDITEURS WHERE ID=143
DELETE FROM AUDITEURS WHERE ID=144
DELETE FROM AUDITEURS WHERE ID=145
DELETE FROM AUDITEURS WHERE ID=146
DELETE FROM AUDITEURS WHERE ID=147
DELETE FROM AUDITEURS WHERE ID=148
DELETE FROM AUDITEURS WHERE ID=149
DELETE FROM AUDITEURS WHERE ID=150
DELETE FROM AUDITEURS WHERE ID=151
DELETE FROM AUDITEURS WHERE ID=152
DELETE FROM AUDITEURS WHERE ID=153
DELETE FROM AUDITEURS WHERE ID=154
DELETE FROM AUDITEURS WHERE ID=155
DELETE FROM AUDITEURS WHERE ID=157
DELETE FROM AUDITEURS WHERE ID=159
DELETE FROM AUDITEURS WHERE ID=165
DELETE FROM AUDITEURS WHERE ID=166
DELETE FROM AUDITEURS WHERE ID=167
DELETE FROM AUDITEURS WHERE ID=168
DELETE FROM AUDITEURS WHERE ID=169
DELETE FROM AUDITEURS WHERE ID=170
DELETE FROM AUDITEURS WHERE ID=171
DELETE FROM AUDITEURS WHERE ID=172
DELETE FROM AUDITEURS WHERE ID=173
DELETE FROM AUDITEURS WHERE ID=174
DELETE FROM AUDITEURS WHERE ID=175
DELETE FROM AUDITEURS WHERE ID=176
DELETE FROM AUDITEURS WHERE ID=177
DELETE FROM AUDITEURS WHERE ID=178
DELETE FROM AUDITEURS WHERE ID=179
DELETE FROM AUDITEURS WHERE ID=180
DELETE FROM AUDITEURS WHERE ID=181
DELETE FROM AUDITEURS WHERE ID=182
DELETE FROM AUDITEURS WHERE ID=183
DELETE FROM AUDITEURS WHERE ID=184
DELETE FROM AUDITEURS WHERE ID=185
DELETE FROM AUDITEURS WHERE ID=186
DELETE FROM AUDITEURS WHERE ID=187
DELETE FROM AUDITEURS WHERE ID=188
DELETE FROM AUDITEURS WHERE ID=189
DELETE FROM AUDITEURS WHERE ID=190
DELETE FROM AUDITEURS WHERE ID=194
DELETE FROM AUDITEURS WHERE ID=195
DELETE FROM AUDITEURS WHERE ID=196
DELETE FROM AUDITEURS WHERE ID=197
DELETE FROM AUDITEURS WHERE ID=198
DELETE FROM AUDITEURS WHERE ID=199
DELETE FROM AUDITEURS WHERE ID=200
INSERT INTO AUDITEURS VALUES(201,'nom_0','prenom_0','nom_0@cnam.fr')
INSERT INTO AUDITEURS VALUES(202,'nom_1','prenom_1','nom_1@cnam.fr')
INSERT INTO AUDITEURS VALUES(203,'nom_2','prenom_2','nom_2@cnam.fr')
INSERT INTO AUDITEURS VALUES(204,'nom_3','prenom_3','nom_3@cnam.fr')
INSERT INTO AUDITEURS VALUES(205,'nom_4','prenom_4','nom_4@cnam.fr')
INSERT INTO AUDITEURS VALUES(206,'nom_5','prenom_5','nom_5@cnam.fr')
